Build started 4/13/2026 2:38:34 AM.
Logging verbosity is set to: Detailed.     0>Process = "C:\Program Files\Microsoft Visual Studio\2022\Community\MSBuild\Current\Bin\MSBuild.exe"
       MSBuild executable path = "C:\Program Files\Microsoft Visual Studio\2022\Community\MSBuild\Current\Bin\MSBuild.exe"
       Command line arguments = ""C:\Program Files\Microsoft Visual Studio\2022\Community\MSBuild\Current\Bin\MSBuild.exe" build\SparCraft.sln /t:SparCraft /p:Configuration=Release /m:8 /fl /flp:logfile=msbuild.log"
       Current directory = "C:\dev\code\SparCraft"
       MSBuild version = "17.14.40+3e7442088"
       Based on the Windows registry key LongPathsEnabled, the LongPaths feature is enabled.
       Based on the Windows registry key VerifiedAndReputablePolicyState, SAC state = 0: turned off.
       Some command line switches were read from the auto-response file "C:\Program Files\Microsoft Visual Studio\2022\Community\MSBuild\Current\Bin\MSBuild.rsp". To disable this file, use the "-noAutoResponse" switch.
       
       Property reassignment: $(MSBuildExtensionsPath)="C:\Program Files\Microsoft Visual Studio\2022\Community\MSBuild" (previous value: "C:\Program Files (x86)\MSBuild") at 
       Property reassignment: $(MSBuildExtensionsPath32)="C:\Program Files\Microsoft Visual Studio\2022\Community\MSBuild" (previous value: "C:\Program Files (x86)\MSBuild") at 
       Search paths being used for $(MSBuildExtensionsPath) are C:\Program Files\Microsoft Visual Studio\2022\Community\MSBuild;$(MSBuildProgramFiles32)\MSBuild
       Search paths being used for $(MSBuildExtensionsPath) are C:\Program Files\Microsoft Visual Studio\2022\Community\MSBuild;$(MSBuildProgramFiles32)\MSBuild
       Trying to import C:\Program Files\Microsoft Visual Studio\2022\Community\MSBuild\$(MSBuildToolsVersion)\SolutionFile\ImportAfter\* using extensions path C:\Program Files\Microsoft Visual Studio\2022\Community\MSBuild
       C:\Program Files\Microsoft Visual Studio\2022\Community\Common7\IDE\CommonExtensions\Microsoft\NuGet\NuGet.targets(104,5): message : Property reassignment: $(_GenerateRestoreGraphProjectEntryInputProperties)="
       C:\Program Files\Microsoft Visual Studio\2022\Community\Common7\IDE\CommonExtensions\Microsoft\NuGet\NuGet.targets(104,5): message :       ExcludeRestorePackageImports=true;
       C:\Program Files\Microsoft Visual Studio\2022\Community\Common7\IDE\CommonExtensions\Microsoft\NuGet\NuGet.targets(104,5): message :       _RestoreSolutionFileUsed=true;
       C:\Program Files\Microsoft Visual Studio\2022\Community\Common7\IDE\CommonExtensions\Microsoft\NuGet\NuGet.targets(104,5): message :       SolutionDir=C:\dev\code\SparCraft\build\;
       C:\Program Files\Microsoft Visual Studio\2022\Community\Common7\IDE\CommonExtensions\Microsoft\NuGet\NuGet.targets(104,5): message :       SolutionName=SparCraft;
       C:\Program Files\Microsoft Visual Studio\2022\Community\Common7\IDE\CommonExtensions\Microsoft\NuGet\NuGet.targets(104,5): message :       SolutionFileName=SparCraft.sln;
       C:\Program Files\Microsoft Visual Studio\2022\Community\Common7\IDE\CommonExtensions\Microsoft\NuGet\NuGet.targets(104,5): message :       SolutionPath=C:\dev\code\SparCraft\build\SparCraft.sln;
       C:\Program Files\Microsoft Visual Studio\2022\Community\Common7\IDE\CommonExtensions\Microsoft\NuGet\NuGet.targets(104,5): message :       SolutionExt=.sln;
       C:\Program Files\Microsoft Visual Studio\2022\Community\Common7\IDE\CommonExtensions\Microsoft\NuGet\NuGet.targets(104,5): message :     " (previous value: "ExcludeRestorePackageImports=true") at C:\Program Files\Microsoft Visual Studio\2022\Community\Common7\IDE\CommonExtensions\Microsoft\NuGet\NuGet.targets (104,5)
       The target "_CheckForInvalidConfigurationAndPlatform" listed in a BeforeTargets attribute at "C:\Program Files\Microsoft Visual Studio\2022\Community\Common7\IDE\CommonExtensions\Microsoft\NuGet\NuGet.targets (703,11)" does not exist in the project, and will be ignored.
     1>Project "C:\dev\code\SparCraft\build\SparCraft.sln" on node 1 (SparCraft target(s)).
     1>Target "ValidateSolutionConfiguration" in file "C:\dev\code\SparCraft\build\SparCraft.sln.metaproj" from project "C:\dev\code\SparCraft\build\SparCraft.sln" (entry point):
     1>Task "Error" skipped, due to false condition; (('$(CurrentSolutionConfigurationContents)' == '') and ('$(SkipInvalidConfigurations)' != 'true')) was evaluated as (('<SolutionConfiguration>
  <ProjectConfiguration Project="{4B772725-DCDE-3A4D-9273-68B457EB9AF9}" AbsolutePath="C:\dev\code\SparCraft\build\ALL_BUILD.vcxproj" BuildProjectInSolution="False">Release|x64<ProjectDependency Project="{665048F3-7435-39D4-9587-116DC38B23C6}" /><ProjectDependency Project="{F7F3B3F2-C175-3604-9D55-31A0DEAF834D}" /><ProjectDependency Project="{230E40B6-C3C2-3A01-8897-D88E51949C50}" /><ProjectDependency Project="{9478714C-53CA-3A01-B05C-9C93EB48896F}" /></ProjectConfiguration>
  <ProjectConfiguration Project="{665048F3-7435-39D4-9587-116DC38B23C6}" AbsolutePath="C:\dev\code\SparCraft\build\BWAPIData.vcxproj" BuildProjectInSolution="True">Release|x64<ProjectDependency Project="{9478714C-53CA-3A01-B05C-9C93EB48896F}" /></ProjectConfiguration>
  <ProjectConfiguration Project="{F7F3B3F2-C175-3604-9D55-31A0DEAF834D}" AbsolutePath="C:\dev\code\SparCraft\build\SparCraft.vcxproj" BuildProjectInSolution="True">Release|x64<ProjectDependency Project="{665048F3-7435-39D4-9587-116DC38B23C6}" />...' == '') and ('' != 'true')).
       Task "Warning" skipped, due to false condition; (('$(CurrentSolutionConfigurationContents)' == '') and ('$(SkipInvalidConfigurations)' == 'true')) was evaluated as (('<SolutionConfiguration>
         <ProjectConfiguration Project="{4B772725-DCDE-3A4D-9273-68B457EB9AF9}" AbsolutePath="C:\dev\code\SparCraft\build\ALL_BUILD.vcxproj" BuildProjectInSolution="False">Release|x64<ProjectDependency Project="{665048F3-7435-39D4-9587-116DC38B23C6}" /><ProjectDependency Project="{F7F3B3F2-C175-3604-9D55-31A0DEAF834D}" /><ProjectDependency Project="{230E40B6-C3C2-3A01-8897-D88E51949C50}" /><ProjectDependency Project="{9478714C-53CA-3A01-B05C-9C93EB48896F}" /></ProjectConfiguration>
         <ProjectConfiguration Project="{665048F3-7435-39D4-9587-116DC38B23C6}" AbsolutePath="C:\dev\code\SparCraft\build\BWAPIData.vcxproj" BuildProjectInSolution="True">Release|x64<ProjectDependency Project="{9478714C-53CA-3A01-B05C-9C93EB48896F}" /></ProjectConfiguration>
         <ProjectConfiguration Project="{F7F3B3F2-C175-3604-9D55-31A0DEAF834D}" AbsolutePath="C:\dev\code\SparCraft\build\SparCraft.vcxproj" BuildProjectInSolution="True">Release|x64<ProjectDependency Project="{665048F3-7435-39D4-9587-116DC38B23C6}" />...' == '') and ('' == 'true')).
       Using "Message" task from assembly "Microsoft.Build.Tasks.Core, Version=15.1.0.0, Culture=neutral, PublicKeyToken=b03f5f7f11d50a3a".
       Task "Message"
         Building solution configuration "Release|x64".
       Done executing task "Message".
     1>Done building target "ValidateSolutionConfiguration" in project "SparCraft.sln".
     1>Target "ValidateToolsVersions" in file "C:\dev\code\SparCraft\build\SparCraft.sln.metaproj" from project "C:\dev\code\SparCraft\build\SparCraft.sln" (entry point):
       Task "Error" skipped, due to false condition; ('$(MSBuildToolsVersion)' == '2.0' and ('$(ProjectToolsVersion)' != '2.0' and '$(ProjectToolsVersion)' != '')) was evaluated as ('Current' == '2.0' and ('' != '2.0' and '' != '')).
     1>Done building target "ValidateToolsVersions" in project "SparCraft.sln".
     1>Target "ValidateProjects" in file "C:\dev\code\SparCraft\build\SparCraft.sln.metaproj" from project "C:\dev\code\SparCraft\build\SparCraft.sln" (entry point):
       Task "Message" skipped, due to false condition; ( ('$(Configuration)' == 'Debug') and ('$(Platform)' == 'x64') ) was evaluated as ( ('Release' == 'Debug') and ('x64' == 'x64') ).
       Task "Message"
         The project "ALL_BUILD" is not selected for building in solution configuration "Release|x64".
       Done executing task "Message".
       Task "Message" skipped, due to false condition; ( ('$(Configuration)' == 'MinSizeRel') and ('$(Platform)' == 'x64') ) was evaluated as ( ('Release' == 'MinSizeRel') and ('x64' == 'x64') ).
       Task "Message" skipped, due to false condition; ( ('$(Configuration)' == 'RelWithDebInfo') and ('$(Platform)' == 'x64') ) was evaluated as ( ('Release' == 'RelWithDebInfo') and ('x64' == 'x64') ).
     1>Done building target "ValidateProjects" in project "SparCraft.sln".
     1>Target "SparCraft" in file "C:\dev\code\SparCraft\build\SparCraft.sln.metaproj" from project "C:\dev\code\SparCraft\build\SparCraft.sln" (entry point):
       Task "MSBuild" skipped, due to false condition; ('%(ProjectReference.Identity)' == 'C:\dev\code\SparCraft\build\SparCraft.vcxproj.metaproj') was evaluated as ('C:\dev\code\SparCraft\build\BWAPIData.vcxproj.metaproj' == 'C:\dev\code\SparCraft\build\SparCraft.vcxproj.metaproj').
       Using "MSBuild" task from assembly "Microsoft.Build.Tasks.Core, Version=15.1.0.0, Culture=neutral, PublicKeyToken=b03f5f7f11d50a3a".
       Task "MSBuild"
         Global Properties:
           BuildingSolutionFile=true
           CurrentSolutionConfigurationContents=<SolutionConfiguration>
           <ProjectConfiguration Project="{4B772725-DCDE-3A4D-9273-68B457EB9AF9}" AbsolutePath="C:\dev\code\SparCraft\build\ALL_BUILD.vcxproj" BuildProjectInSolution="False">Release|x64<ProjectDependency Project="{665048F3-7435-39D4-9587-116DC38B23C6}" /><ProjectDependency Project="{F7F3B3F2-C175-3604-9D55-31A0DEAF834D}" /><ProjectDependency Project="{230E40B6-C3C2-3A01-8897-D88E51949C50}" /><ProjectDependency Project="{9478714C-53CA-3A01-B05C-9C93EB48896F}" /></ProjectConfiguration>
           <ProjectConfiguration Project="{665048F3-7435-39D4-9587-116DC38B23C6}" AbsolutePath="C:\dev\code\SparCraft\build\BWAPIData.vcxproj" BuildProjectInSolution="True">Release|x64<ProjectDependency Project="{9478714C-53CA-3A01-B05C-9C93EB48896F}" /></ProjectConfiguration>
           <ProjectConfiguration Project="{F7F3B3F2-C175-3604-9D55-31A0DEAF834D}" AbsolutePath="C:\dev\code\SparCraft\build\SparCraft.vcxproj" BuildProjectInSolution="True">Release|x64<ProjectDependency Project="{665048F3-7435-39D4-9587-116DC38B23C6}" /><ProjectDependency Project="{230E40B6-C3C2-3A01-8897-D88E51949C50}" /><ProjectDependency Project="{9478714C-53CA-3A01-B05C-9C93EB48896F}" /></ProjectConfiguration>
           <ProjectConfiguration Project="{230E40B6-C3C2-3A01-8897-D88E51949C50}" AbsolutePath="C:\dev\code\SparCraft\build\SparCraftCore.vcxproj" BuildProjectInSolution="True">Release|x64<ProjectDependency Project="{665048F3-7435-39D4-9587-116DC38B23C6}" /><ProjectDependency Project="{9478714C-53CA-3A01-B05C-9C93EB48896F}" /></ProjectConfiguration>
           <ProjectConfiguration Project="{9478714C-53CA-3A01-B05C-9C93EB48896F}" AbsolutePath="C:\dev\code\SparCraft\build\ZERO_CHECK.vcxproj" BuildProjectInSolution="True">Release|x64</ProjectConfiguration>
         </SolutionConfiguration>
           SolutionDir=C:\dev\code\SparCraft\build\
           SolutionExt=.sln
           SolutionFileName=SparCraft.sln
           SolutionName=SparCraft
           SolutionPath=C:\dev\code\SparCraft\build\SparCraft.sln
         Additional Properties for project "C:\dev\code\SparCraft\build\SparCraft.vcxproj.metaproj":
           Configuration=Release
           Platform=x64
     1>Project "C:\dev\code\SparCraft\build\SparCraft.sln" (1) is building "C:\dev\code\SparCraft\build\SparCraft.vcxproj.metaproj" (2) on node 1 (default targets).
     2>Target "Build" in project "C:\dev\code\SparCraft\build\SparCraft.vcxproj.metaproj" (entry point):
     2>Task "MSBuild"
         Global Properties:
           BuildingSolutionFile=true
           CurrentSolutionConfigurationContents=<SolutionConfiguration>
           <ProjectConfiguration Project="{4B772725-DCDE-3A4D-9273-68B457EB9AF9}" AbsolutePath="C:\dev\code\SparCraft\build\ALL_BUILD.vcxproj" BuildProjectInSolution="False">Release|x64<ProjectDependency Project="{665048F3-7435-39D4-9587-116DC38B23C6}" /><ProjectDependency Project="{F7F3B3F2-C175-3604-9D55-31A0DEAF834D}" /><ProjectDependency Project="{230E40B6-C3C2-3A01-8897-D88E51949C50}" /><ProjectDependency Project="{9478714C-53CA-3A01-B05C-9C93EB48896F}" /></ProjectConfiguration>
           <ProjectConfiguration Project="{665048F3-7435-39D4-9587-116DC38B23C6}" AbsolutePath="C:\dev\code\SparCraft\build\BWAPIData.vcxproj" BuildProjectInSolution="True">Release|x64<ProjectDependency Project="{9478714C-53CA-3A01-B05C-9C93EB48896F}" /></ProjectConfiguration>
           <ProjectConfiguration Project="{F7F3B3F2-C175-3604-9D55-31A0DEAF834D}" AbsolutePath="C:\dev\code\SparCraft\build\SparCraft.vcxproj" BuildProjectInSolution="True">Release|x64<ProjectDependency Project="{665048F3-7435-39D4-9587-116DC38B23C6}" /><ProjectDependency Project="{230E40B6-C3C2-3A01-8897-D88E51949C50}" /><ProjectDependency Project="{9478714C-53CA-3A01-B05C-9C93EB48896F}" /></ProjectConfiguration>
           <ProjectConfiguration Project="{230E40B6-C3C2-3A01-8897-D88E51949C50}" AbsolutePath="C:\dev\code\SparCraft\build\SparCraftCore.vcxproj" BuildProjectInSolution="True">Release|x64<ProjectDependency Project="{665048F3-7435-39D4-9587-116DC38B23C6}" /><ProjectDependency Project="{9478714C-53CA-3A01-B05C-9C93EB48896F}" /></ProjectConfiguration>
           <ProjectConfiguration Project="{9478714C-53CA-3A01-B05C-9C93EB48896F}" AbsolutePath="C:\dev\code\SparCraft\build\ZERO_CHECK.vcxproj" BuildProjectInSolution="True">Release|x64</ProjectConfiguration>
         </SolutionConfiguration>
           SolutionDir=C:\dev\code\SparCraft\build\
           SolutionExt=.sln
           SolutionFileName=SparCraft.sln
           SolutionName=SparCraft
           SolutionPath=C:\dev\code\SparCraft\build\SparCraft.sln
         Additional Properties for project "C:\dev\code\SparCraft\build\BWAPIData.vcxproj.metaproj":
           Configuration=Release
           Platform=x64
         Additional Properties for project "C:\dev\code\SparCraft\build\SparCraftCore.vcxproj.metaproj":
           Configuration=Release
           Platform=x64
         Additional Properties for project "C:\dev\code\SparCraft\build\ZERO_CHECK.vcxproj":
           Configuration=Release
           Platform=x64
     2>Project "C:\dev\code\SparCraft\build\SparCraft.vcxproj.metaproj" (2) is building "C:\dev\code\SparCraft\build\BWAPIData.vcxproj.metaproj" (3) on node 1 (default targets).
     3>Target "Build" in project "C:\dev\code\SparCraft\build\BWAPIData.vcxproj.metaproj" (entry point):
     3>Task "MSBuild"
         Global Properties:
           BuildingSolutionFile=true
           CurrentSolutionConfigurationContents=<SolutionConfiguration>
           <ProjectConfiguration Project="{4B772725-DCDE-3A4D-9273-68B457EB9AF9}" AbsolutePath="C:\dev\code\SparCraft\build\ALL_BUILD.vcxproj" BuildProjectInSolution="False">Release|x64<ProjectDependency Project="{665048F3-7435-39D4-9587-116DC38B23C6}" /><ProjectDependency Project="{F7F3B3F2-C175-3604-9D55-31A0DEAF834D}" /><ProjectDependency Project="{230E40B6-C3C2-3A01-8897-D88E51949C50}" /><ProjectDependency Project="{9478714C-53CA-3A01-B05C-9C93EB48896F}" /></ProjectConfiguration>
           <ProjectConfiguration Project="{665048F3-7435-39D4-9587-116DC38B23C6}" AbsolutePath="C:\dev\code\SparCraft\build\BWAPIData.vcxproj" BuildProjectInSolution="True">Release|x64<ProjectDependency Project="{9478714C-53CA-3A01-B05C-9C93EB48896F}" /></ProjectConfiguration>
           <ProjectConfiguration Project="{F7F3B3F2-C175-3604-9D55-31A0DEAF834D}" AbsolutePath="C:\dev\code\SparCraft\build\SparCraft.vcxproj" BuildProjectInSolution="True">Release|x64<ProjectDependency Project="{665048F3-7435-39D4-9587-116DC38B23C6}" /><ProjectDependency Project="{230E40B6-C3C2-3A01-8897-D88E51949C50}" /><ProjectDependency Project="{9478714C-53CA-3A01-B05C-9C93EB48896F}" /></ProjectConfiguration>
           <ProjectConfiguration Project="{230E40B6-C3C2-3A01-8897-D88E51949C50}" AbsolutePath="C:\dev\code\SparCraft\build\SparCraftCore.vcxproj" BuildProjectInSolution="True">Release|x64<ProjectDependency Project="{665048F3-7435-39D4-9587-116DC38B23C6}" /><ProjectDependency Project="{9478714C-53CA-3A01-B05C-9C93EB48896F}" /></ProjectConfiguration>
           <ProjectConfiguration Project="{9478714C-53CA-3A01-B05C-9C93EB48896F}" AbsolutePath="C:\dev\code\SparCraft\build\ZERO_CHECK.vcxproj" BuildProjectInSolution="True">Release|x64</ProjectConfiguration>
         </SolutionConfiguration>
           SolutionDir=C:\dev\code\SparCraft\build\
           SolutionExt=.sln
           SolutionFileName=SparCraft.sln
           SolutionName=SparCraft
           SolutionPath=C:\dev\code\SparCraft\build\SparCraft.sln
         Additional Properties for project "C:\dev\code\SparCraft\build\ZERO_CHECK.vcxproj":
           Configuration=Release
           Platform=x64
     2>Project "C:\dev\code\SparCraft\build\SparCraft.vcxproj.metaproj" (2) is building "C:\dev\code\SparCraft\build\SparCraftCore.vcxproj.metaproj" (4) on node 1 (default targets).
     4>Target "Build" in project "C:\dev\code\SparCraft\build\SparCraftCore.vcxproj.metaproj" (entry point):
     4>Task "MSBuild"
         Global Properties:
           BuildingSolutionFile=true
           CurrentSolutionConfigurationContents=<SolutionConfiguration>
           <ProjectConfiguration Project="{4B772725-DCDE-3A4D-9273-68B457EB9AF9}" AbsolutePath="C:\dev\code\SparCraft\build\ALL_BUILD.vcxproj" BuildProjectInSolution="False">Release|x64<ProjectDependency Project="{665048F3-7435-39D4-9587-116DC38B23C6}" /><ProjectDependency Project="{F7F3B3F2-C175-3604-9D55-31A0DEAF834D}" /><ProjectDependency Project="{230E40B6-C3C2-3A01-8897-D88E51949C50}" /><ProjectDependency Project="{9478714C-53CA-3A01-B05C-9C93EB48896F}" /></ProjectConfiguration>
           <ProjectConfiguration Project="{665048F3-7435-39D4-9587-116DC38B23C6}" AbsolutePath="C:\dev\code\SparCraft\build\BWAPIData.vcxproj" BuildProjectInSolution="True">Release|x64<ProjectDependency Project="{9478714C-53CA-3A01-B05C-9C93EB48896F}" /></ProjectConfiguration>
           <ProjectConfiguration Project="{F7F3B3F2-C175-3604-9D55-31A0DEAF834D}" AbsolutePath="C:\dev\code\SparCraft\build\SparCraft.vcxproj" BuildProjectInSolution="True">Release|x64<ProjectDependency Project="{665048F3-7435-39D4-9587-116DC38B23C6}" /><ProjectDependency Project="{230E40B6-C3C2-3A01-8897-D88E51949C50}" /><ProjectDependency Project="{9478714C-53CA-3A01-B05C-9C93EB48896F}" /></ProjectConfiguration>
           <ProjectConfiguration Project="{230E40B6-C3C2-3A01-8897-D88E51949C50}" AbsolutePath="C:\dev\code\SparCraft\build\SparCraftCore.vcxproj" BuildProjectInSolution="True">Release|x64<ProjectDependency Project="{665048F3-7435-39D4-9587-116DC38B23C6}" /><ProjectDependency Project="{9478714C-53CA-3A01-B05C-9C93EB48896F}" /></ProjectConfiguration>
           <ProjectConfiguration Project="{9478714C-53CA-3A01-B05C-9C93EB48896F}" AbsolutePath="C:\dev\code\SparCraft\build\ZERO_CHECK.vcxproj" BuildProjectInSolution="True">Release|x64</ProjectConfiguration>
         </SolutionConfiguration>
           SolutionDir=C:\dev\code\SparCraft\build\
           SolutionExt=.sln
           SolutionFileName=SparCraft.sln
           SolutionName=SparCraft
           SolutionPath=C:\dev\code\SparCraft\build\SparCraft.sln
         Additional Properties for project "C:\dev\code\SparCraft\build\BWAPIData.vcxproj.metaproj":
           Configuration=Release
           Platform=x64
         Additional Properties for project "C:\dev\code\SparCraft\build\ZERO_CHECK.vcxproj":
           Configuration=Release
           Platform=x64
     3>Done executing task "MSBuild" -- FAILED.
     3>Done building target "Build" in project "BWAPIData.vcxproj.metaproj" -- FAILED.
     1>Done executing task "MSBuild" -- FAILED.
     2>Done executing task "MSBuild" -- FAILED.
     3>Done Building Project "C:\dev\code\SparCraft\build\BWAPIData.vcxproj.metaproj" (default targets) -- FAILED.
     4>Done executing task "MSBuild" -- FAILED.
     4>Done building target "Build" in project "SparCraftCore.vcxproj.metaproj" -- FAILED.
     2>Done building target "Build" in project "SparCraft.vcxproj.metaproj" -- FAILED.
     1>Done building target "SparCraft" in project "SparCraft.sln" -- FAILED.
     2>Done Building Project "C:\dev\code\SparCraft\build\SparCraft.vcxproj.metaproj" (default targets) -- FAILED.
     1>Done Building Project "C:\dev\code\SparCraft\build\SparCraft.sln" (SparCraft target(s)) -- FAILED.
     4>Done Building Project "C:\dev\code\SparCraft\build\SparCraftCore.vcxproj.metaproj" (default targets) -- FAILED.

Build FAILED.
    0 Warning(s)
    0 Error(s)

Time Elapsed 00:00:02.27
